<?xml version="1.0" encoding="UTF-8"?>
<!-- Generated by org.testng.reporters.JUnitXMLReporter -->
<testsuite hostname="DESKTOP-HK24OL8" ignored="0" name="Test" tests="1" failures="0" timestamp="05 Jul 2020 10:17:13 GMT" time="1.533" errors="0">
  <testcase name="@BeforeClass beforeClass" time="1.462" classname="com.amazon.general.Base">
    <failure type="org.openqa.selenium.SessionNotCreatedException" message="Unable to create a new remote session. Please check the server log for more details. Original error: An unknown server-side error occurred while processing the command. Original error: Error executing adbExec. Original error: &amp;apos;Command &amp;apos;C:\\Users\\moham\\AppData\\Local\\Android\\Sdk\\platform-tools\\adb.exe -P 5037 -s 43be47e0 shell settings delete global hidden_api_policy_pre_p_apps&amp;apos; exited with code 255&amp;apos;; Stderr: &amp;apos;Security exception: Permission denial: writing to settings requires:android.permission.WRITE_SECURE_SETTINGS

java.lang.SecurityException: Permission denial: writing to settings requires:android.permission.WRITE_SECURE_SETTINGS
	at com.android.providers.settings.SettingsProvider.enforceWritePermission(SettingsProvider.java:2056)
	at com.android.providers.settings.SettingsProvider.mutateGlobalSetting(SettingsProvider.java:1114)
	at com.android.providers.settings.SettingsProvider.deleteGlobalSetting(SettingsProvider.java:1097)
	at com.android.providers.settings.SettingsProvider.delete(SettingsProvider.java:679)
	at android.content.ContentProvider$Transport.delete(ContentProvider.java:348)
	at com.android.providers.settings.SettingsService$MyShellCommand.deleteForUser(SettingsService.java:406)
	at com.android.providers.settings.SettingsService$MyShellCommand.onCommand(SettingsService.java:289)
	at android.os.ShellCommand.exec(ShellCommand.java:103)
	at com.android.providers.settings.SettingsService.onShellCommand(SettingsService.java:51)
	at android.os.Binder.shellCommand(Binder.java:634)
	at android.os.Binder.onTransact(Binder.java:532)
	at android.os.Binder.execTransact(Binder.java:731)&amp;apos;; Code: &amp;apos;255&amp;apos;
Build info: version: &amp;apos;3.141.59&amp;apos;, revision: &amp;apos;e82be7d358&amp;apos;, time: &amp;apos;2018-11-14T08:17:03&amp;apos;
System info: host: &amp;apos;DESKTOP-HK24OL8&amp;apos;, ip: &amp;apos;192.168.0.103&amp;apos;, os.name: &amp;apos;Windows 10&amp;apos;, os.arch: &amp;apos;amd64&amp;apos;, os.version: &amp;apos;10.0&amp;apos;, java.version: &amp;apos;1.8.0_221&amp;apos;
Driver info: driver.version: AndroidDriver
remote stacktrace: UnknownError: An unknown server-side error occurred while processing the command. Original error: Error executing adbExec. Original error: &amp;apos;Command &amp;apos;C:\\Users\\moham\\AppData\\Local\\Android\\Sdk\\platform-tools\\adb.exe -P 5037 -s 43be47e0 shell settings delete global hidden_api_policy_pre_p_apps&amp;apos; exited with code 255&amp;apos;; Stderr: &amp;apos;Security exception: Permission denial: writing to settings requires:android.permission.WRITE_SECURE_SETTINGS

java.lang.SecurityException: Permission denial: writing to settings requires:android.permission.WRITE_SECURE_SETTINGS
	at com.android.providers.settings.SettingsProvider.enforceWritePermission(SettingsProvider.java:2056)
	at com.android.providers.settings.SettingsProvider.mutateGlobalSetting(SettingsProvider.java:1114)
	at com.android.providers.settings.SettingsProvider.deleteGlobalSetting(SettingsProvider.java:1097)
	at com.android.providers.settings.SettingsProvider.delete(SettingsProvider.java:679)
	at android.content.ContentProvider$Transport.delete(ContentProvider.java:348)
	at com.android.providers.settings.SettingsService$MyShellCommand.deleteForUser(SettingsService.java:406)
	at com.android.providers.settings.SettingsService$MyShellCommand.onCommand(SettingsService.java:289)
	at android.os.ShellCommand.exec(ShellCommand.java:103)
	at com.android.providers.settings.SettingsService.onShellCommand(SettingsService.java:51)
	at android.os.Binder.shellCommand(Binder.java:634)
	at android.os.Binder.onTransact(Binder.java:532)
	at android.os.Binder.execTransact(Binder.java:731)&amp;apos;; Code: &amp;apos;255&amp;apos;
    at getResponseForW3CError (C:\Users\moham\AppData\Roaming\npm\node_modules\appium\node_modules\appium-base-driver\lib\protocol\errors.js:804:9)
    at asyncHandler (C:\Users\moham\AppData\Roaming\npm\node_modules\appium\node_modules\appium-base-driver\lib\protocol\protocol.js:392:37)
Build info: version: &amp;apos;3.141.59&amp;apos;, revision: &amp;apos;e82be7d358&amp;apos;, time: &amp;apos;2018-11-14T08:17:03&amp;apos;
System info: host: &amp;apos;DESKTOP-HK24OL8&amp;apos;, ip: &amp;apos;192.168.0.103&amp;apos;, os.name: &amp;apos;Windows 10&amp;apos;, os.arch: &amp;apos;amd64&amp;apos;, os.version: &amp;apos;10.0&amp;apos;, java.version: &amp;apos;1.8.0_221&amp;apos;
Driver info: driver.version: AndroidDriver">
      <![CDATA[org.openqa.selenium.SessionNotCreatedException: Unable to create a new remote session. Please check the server log for more details. Original error: An unknown server-side error occurred while processing the command. Original error: Error executing adbExec. Original error: 'Command 'C:\\Users\\moham\\AppData\\Local\\Android\\Sdk\\platform-tools\\adb.exe -P 5037 -s 43be47e0 shell settings delete global hidden_api_policy_pre_p_apps' exited with code 255'; Stderr: 'Security exception: Permission denial: writing to settings requires:android.permission.WRITE_SECURE_SETTINGS

java.lang.SecurityException: Permission denial: writing to settings requires:android.permission.WRITE_SECURE_SETTINGS
at com.android.providers.settings.SettingsProvider.enforceWritePermission(SettingsProvider.java:2056)
at com.android.providers.settings.SettingsProvider.mutateGlobalSetting(SettingsProvider.java:1114)
at com.android.providers.settings.SettingsProvider.deleteGlobalSetting(SettingsProvider.java:1097)
at com.android.providers.settings.SettingsProvider.delete(SettingsProvider.java:679)
at android.content.ContentProvider$Transport.delete(ContentProvider.java:348)
at com.android.providers.settings.SettingsService$MyShellCommand.deleteForUser(SettingsService.java:406)
at com.android.providers.settings.SettingsService$MyShellCommand.onCommand(SettingsService.java:289)
at android.os.ShellCommand.exec(ShellCommand.java:103)
at com.android.providers.settings.SettingsService.onShellCommand(SettingsService.java:51)
at android.os.Binder.shellCommand(Binder.java:634)
at android.os.Binder.onTransact(Binder.java:532)
at android.os.Binder.execTransact(Binder.java:731)'; Code: '255'
Build info: version: '3.141.59', revision: 'e82be7d358', time: '2018-11-14T08:17:03'
System info: host: 'DESKTOP-HK24OL8', ip: '192.168.0.103', os.name: 'Windows 10', os.arch: 'amd64', os.version: '10.0', java.version: '1.8.0_221'
Driver info: driver.version: AndroidDriver
remote stacktrace: UnknownError: An unknown server-side error occurred while processing the command. Original error: Error executing adbExec. Original error: 'Command 'C:\\Users\\moham\\AppData\\Local\\Android\\Sdk\\platform-tools\\adb.exe -P 5037 -s 43be47e0 shell settings delete global hidden_api_policy_pre_p_apps' exited with code 255'; Stderr: 'Security exception: Permission denial: writing to settings requires:android.permission.WRITE_SECURE_SETTINGS

java.lang.SecurityException: Permission denial: writing to settings requires:android.permission.WRITE_SECURE_SETTINGS
at com.android.providers.settings.SettingsProvider.enforceWritePermission(SettingsProvider.java:2056)
at com.android.providers.settings.SettingsProvider.mutateGlobalSetting(SettingsProvider.java:1114)
at com.android.providers.settings.SettingsProvider.deleteGlobalSetting(SettingsProvider.java:1097)
at com.android.providers.settings.SettingsProvider.delete(SettingsProvider.java:679)
at android.content.ContentProvider$Transport.delete(ContentProvider.java:348)
at com.android.providers.settings.SettingsService$MyShellCommand.deleteForUser(SettingsService.java:406)
at com.android.providers.settings.SettingsService$MyShellCommand.onCommand(SettingsService.java:289)
at android.os.ShellCommand.exec(ShellCommand.java:103)
at com.android.providers.settings.SettingsService.onShellCommand(SettingsService.java:51)
at android.os.Binder.shellCommand(Binder.java:634)
at android.os.Binder.onTransact(Binder.java:532)
at android.os.Binder.execTransact(Binder.java:731)'; Code: '255'
    at getResponseForW3CError (C:\Users\moham\AppData\Roaming\npm\node_modules\appium\node_modules\appium-base-driver\lib\protocol\errors.js:804:9)
    at asyncHandler (C:\Users\moham\AppData\Roaming\npm\node_modules\appium\node_modules\appium-base-driver\lib\protocol\protocol.js:392:37)
Build info: version: '3.141.59', revision: 'e82be7d358', time: '2018-11-14T08:17:03'
System info: host: 'DESKTOP-HK24OL8', ip: '192.168.0.103', os.name: 'Windows 10', os.arch: 'amd64', os.version: '10.0', java.version: '1.8.0_221'
Driver info: driver.version: AndroidDriver
at io.appium.java_client.remote.AppiumCommandExecutor$1.createSession(AppiumCommandExecutor.java:208)
at io.appium.java_client.remote.AppiumCommandExecutor.createSession(AppiumCommandExecutor.java:217)
at io.appium.java_client.remote.AppiumCommandExecutor.execute(AppiumCommandExecutor.java:239)
at org.openqa.selenium.remote.RemoteWebDriver.execute(RemoteWebDriver.java:552)
at io.appium.java_client.DefaultGenericMobileDriver.execute(DefaultGenericMobileDriver.java:42)
at io.appium.java_client.AppiumDriver.execute(AppiumDriver.java:1)
at io.appium.java_client.android.AndroidDriver.execute(AndroidDriver.java:1)
at org.openqa.selenium.remote.RemoteWebDriver.startSession(RemoteWebDriver.java:213)
at org.openqa.selenium.remote.RemoteWebDriver.<init>(RemoteWebDriver.java:131)
at io.appium.java_client.DefaultGenericMobileDriver.<init>(DefaultGenericMobileDriver.java:38)
at io.appium.java_client.AppiumDriver.<init>(AppiumDriver.java:84)
at io.appium.java_client.AppiumDriver.<init>(AppiumDriver.java:94)
at io.appium.java_client.android.AndroidDriver.<init>(AndroidDriver.java:95)
at com.amazon.general.Base.capabilities(Base.java:74)
at com.amazon.general.Base.beforeClass(Base.java:26)
at io.appium.java_client.remote.AppiumCommandExecutor$1.createSession(AppiumCommandExecutor.java:186)
... 40 more
Caused by: org.openqa.selenium.WebDriverException: An unknown server-side error occurred while processing the command. Original error: Error executing adbExec. Original error: 'Command 'C:\\Users\\moham\\AppData\\Local\\Android\\Sdk\\platform-tools\\adb.exe -P 5037 -s 43be47e0 shell settings delete global hidden_api_policy_pre_p_apps' exited with code 255'; Stderr: 'Security exception: Permission denial: writing to settings requires:android.permission.WRITE_SECURE_SETTINGS

java.lang.SecurityException: Permission denial: writing to settings requires:android.permission.WRITE_SECURE_SETTINGS
at com.android.providers.settings.SettingsProvider.enforceWritePermission(SettingsProvider.java:2056)
at com.android.providers.settings.SettingsProvider.mutateGlobalSetting(SettingsProvider.java:1114)
at com.android.providers.settings.SettingsProvider.deleteGlobalSetting(SettingsProvider.java:1097)
at com.android.providers.settings.SettingsProvider.delete(SettingsProvider.java:679)
at android.content.ContentProvider$Transport.delete(ContentProvider.java:348)
at com.android.providers.settings.SettingsService$MyShellCommand.deleteForUser(SettingsService.java:406)
at com.android.providers.settings.SettingsService$MyShellCommand.onCommand(SettingsService.java:289)
at android.os.ShellCommand.exec(ShellCommand.java:103)
at com.android.providers.settings.SettingsService.onShellCommand(SettingsService.java:51)
at android.os.Binder.shellCommand(Binder.java:634)
at android.os.Binder.onTransact(Binder.java:532)
at android.os.Binder.execTransact(Binder.java:731)'; Code: '255'
Build info: version: '3.141.59', revision: 'e82be7d358', time: '2018-11-14T08:17:03'
System info: host: 'DESKTOP-HK24OL8', ip: '192.168.0.103', os.name: 'Windows 10', os.arch: 'amd64', os.version: '10.0', java.version: '1.8.0_221'
Driver info: driver.version: AndroidDriver
remote stacktrace: UnknownError: An unknown server-side error occurred while processing the command. Original error: Error executing adbExec. Original error: 'Command 'C:\\Users\\moham\\AppData\\Local\\Android\\Sdk\\platform-tools\\adb.exe -P 5037 -s 43be47e0 shell settings delete global hidden_api_policy_pre_p_apps' exited with code 255'; Stderr: 'Security exception: Permission denial: writing to settings requires:android.permission.WRITE_SECURE_SETTINGS

java.lang.SecurityException: Permission denial: writing to settings requires:android.permission.WRITE_SECURE_SETTINGS
at com.android.providers.settings.SettingsProvider.enforceWritePermission(SettingsProvider.java:2056)
at com.android.providers.settings.SettingsProvider.mutateGlobalSetting(SettingsProvider.java:1114)
at com.android.providers.settings.SettingsProvider.deleteGlobalSetting(SettingsProvider.java:1097)
at com.android.providers.settings.SettingsProvider.delete(SettingsProvider.java:679)
at android.content.ContentProvider$Transport.delete(ContentProvider.java:348)
at com.android.providers.settings.SettingsService$MyShellCommand.deleteForUser(SettingsService.java:406)
at com.android.providers.settings.SettingsService$MyShellCommand.onCommand(SettingsService.java:289)
at android.os.ShellCommand.exec(ShellCommand.java:103)
at com.android.providers.settings.SettingsService.onShellCommand(SettingsService.java:51)
at android.os.Binder.shellCommand(Binder.java:634)
at android.os.Binder.onTransact(Binder.java:532)
at android.os.Binder.execTransact(Binder.java:731)'; Code: '255'
    at getResponseForW3CError (C:\Users\moham\AppData\Roaming\npm\node_modules\appium\node_modules\appium-base-driver\lib\protocol\errors.js:804:9)
    at asyncHandler (C:\Users\moham\AppData\Roaming\npm\node_modules\appium\node_modules\appium-base-driver\lib\protocol\protocol.js:392:37)
at org.openqa.selenium.remote.W3CHandshakeResponse.lambda$errorHandler$0(W3CHandshakeResponse.java:62)
at org.openqa.selenium.remote.HandshakeResponse.lambda$getResponseFunction$0(HandshakeResponse.java:30)
at org.openqa.selenium.remote.ProtocolHandshake.lambda$createSession$0(ProtocolHandshake.java:126)
at java.util.stream.ReferencePipeline$3$1.accept(Unknown Source)
at java.util.Spliterators$ArraySpliterator.tryAdvance(Unknown Source)
at java.util.stream.ReferencePipeline.forEachWithCancel(Unknown Source)
at java.util.stream.AbstractPipeline.copyIntoWithCancel(Unknown Source)
at java.util.stream.AbstractPipeline.copyInto(Unknown Source)
at java.util.stream.AbstractPipeline.wrapAndCopyInto(Unknown Source)
at java.util.stream.FindOps$FindOp.evaluateSequential(Unknown Source)
at java.util.stream.AbstractPipeline.evaluate(Unknown Source)
at java.util.stream.ReferencePipeline.findFirst(Unknown Source)
at org.openqa.selenium.remote.ProtocolHandshake.createSession(ProtocolHandshake.java:128)
... 45 more
... Removed 35 stack frames]]>
    </failure>
  </testcase> <!-- @BeforeClass beforeClass -->
  <testcase name="@BeforeMethod initialization" time="0.0" classname="com.amazon.DempProject.TC_ProductInStockValidation">
    <skipped/>
  </testcase> <!-- @BeforeMethod initialization -->
  <testcase name="@AfterClass afterClass" time="0.0" classname="com.amazon.general.Base">
    <skipped/>
  </testcase> <!-- @AfterClass afterClass -->
  <testcase name="productInStockValidation" time="0.0" classname="com.amazon.DempProject.TC_ProductInStockValidation">
    <skipped/>
  </testcase> <!-- productInStockValidation -->
</testsuite> <!-- Test -->
