<?xml version="1.0" encoding="UTF-8"?>
<testng-results skipped="0" failed="0" ignored="0" total="1" passed="1">
  <reporter-output>
  </reporter-output>
  <suite name="Suite" duration-ms="85204" started-at="2020-07-06T04:11:48Z" finished-at="2020-07-06T04:13:13Z">
    <groups>
    </groups>
    <test name="Amazon Test" duration-ms="85204" started-at="2020-07-06T04:11:48Z" finished-at="2020-07-06T04:13:13Z">
      <class name="com.amazon.DempProject.TC_ProductInStockValidation">
        <test-method status="PASS" signature="beforeClass()[pri:0, instance:com.amazon.DempProject.TC_ProductInStockValidation@5025a98f]" name="beforeClass" is-config="true" duration-ms="39015" started-at="2020-07-06T04:11:48Z" finished-at="2020-07-06T04:12:27Z">
          <reporter-output>
          </reporter-output>
        </test-method> <!-- beforeClass -->
        <test-method status="PASS" signature="initialization()[pri:0, instance:com.amazon.DempProject.TC_ProductInStockValidation@5025a98f]" name="initialization" is-config="true" duration-ms="1862" started-at="2020-07-06T04:12:27Z" finished-at="2020-07-06T04:12:29Z">
          <reporter-output>
          </reporter-output>
        </test-method> <!-- initialization -->
        <test-method status="PASS" signature="productInStockValidation()[pri:0, instance:com.amazon.DempProject.TC_ProductInStockValidation@5025a98f]" name="productInStockValidation" duration-ms="44245" started-at="2020-07-06T04:12:29Z" finished-at="2020-07-06T04:13:13Z">
          <reporter-output>
          </reporter-output>
        </test-method> <!-- productInStockValidation -->
        <test-method status="PASS" signature="afterClass()[pri:0, instance:com.amazon.DempProject.TC_ProductInStockValidation@5025a98f]" name="afterClass" is-config="true" duration-ms="52" started-at="2020-07-06T04:13:13Z" finished-at="2020-07-06T04:13:13Z">
          <reporter-output>
          </reporter-output>
        </test-method> <!-- afterClass -->
      </class> <!-- com.amazon.DempProject.TC_ProductInStockValidation -->
    </test> <!-- Amazon Test -->
  </suite> <!-- Suite -->
</testng-results>
