<?xml version="1.0" encoding="UTF-8"?>
<testng-results skipped="0" failed="0" ignored="0" total="1" passed="1">
  <reporter-output>
  </reporter-output>
  <suite name="Suite" duration-ms="107013" started-at="2020-07-06T08:14:08Z" finished-at="2020-07-06T08:15:55Z">
    <groups>
    </groups>
    <test name="Amazon Test" duration-ms="107013" started-at="2020-07-06T08:14:08Z" finished-at="2020-07-06T08:15:55Z">
      <class name="com.amazon.DempProject.TC_ProductInStockValidation">
        <test-method status="PASS" signature="beforeClass()[pri:0, instance:com.amazon.DempProject.TC_ProductInStockValidation@3224f60b]" name="beforeClass" is-config="true" duration-ms="37479" started-at="2020-07-06T08:14:08Z" finished-at="2020-07-06T08:14:46Z">
          <reporter-output>
          </reporter-output>
        </test-method> <!-- beforeClass -->
        <test-method status="PASS" signature="initialization()[pri:0, instance:com.amazon.DempProject.TC_ProductInStockValidation@3224f60b]" name="initialization" is-config="true" duration-ms="778" started-at="2020-07-06T08:14:46Z" finished-at="2020-07-06T08:14:46Z">
          <reporter-output>
          </reporter-output>
        </test-method> <!-- initialization -->
        <test-method status="PASS" signature="productInStockValidation()[pri:0, instance:com.amazon.DempProject.TC_ProductInStockValidation@3224f60b]" name="productInStockValidation" duration-ms="68676" started-at="2020-07-06T08:14:46Z" finished-at="2020-07-06T08:15:55Z">
          <reporter-output>
          </reporter-output>
        </test-method> <!-- productInStockValidation -->
        <test-method status="PASS" signature="afterClass()[pri:0, instance:com.amazon.DempProject.TC_ProductInStockValidation@3224f60b]" name="afterClass" is-config="true" duration-ms="56" started-at="2020-07-06T08:15:55Z" finished-at="2020-07-06T08:15:55Z">
          <reporter-output>
          </reporter-output>
        </test-method> <!-- afterClass -->
      </class> <!-- com.amazon.DempProject.TC_ProductInStockValidation -->
    </test> <!-- Amazon Test -->
  </suite> <!-- Suite -->
</testng-results>
